2025-06-29 15:05:54,634 - DesireEngine - INFO - Initializing Desire Engine with modular architecture
2025-06-29 15:05:54,636 - DesireEngine - INFO - All modules initialized successfully
2025-06-29 15:05:54,636 - DesireEngine - INFO - Using device: cpu
2025-06-29 15:05:54,636 - DesireEngine - INFO - Desire Engine initialization complete
2025-06-29 15:05:54,636 - DesireEngine - INFO - Processing 13 trait activations
2025-06-29 15:05:54,636 - DesireEngine - INFO - Found 12 positive traits
2025-06-29 15:05:54,636 - DesireEngine - INFO - Reinforced desire desire_1 (strength: 1.000)
2025-06-29 15:05:54,636 - DesireEngine - INFO - Reinforced desire desire_2 (strength: 0.894)
2025-06-29 15:05:54,636 - DesireEngine - INFO - Reinforced desire desire_3 (strength: 1.000)
2025-06-29 15:05:54,636 - DesireEngine - INFO - Reinforced desire desire_4 (strength: 0.730)
2025-06-29 15:05:54,636 - DesireEngine - INFO - Reinforced desire desire_5 (strength: 1.000)
2025-06-29 15:05:54,636 - DesireEngine - INFO - Reinforced desire desire_6 (strength: 1.000)
2025-06-29 15:05:54,636 - DesireEngine - INFO - Reinforced desire desire_7 (strength: 1.000)
2025-06-29 15:05:54,636 - DesireEngine - INFO - Reinforced desire desire_8 (strength: 0.991)
2025-06-29 15:05:54,636 - DesireEngine - INFO - Reinforced desire desire_9 (strength: 1.000)
2025-06-29 15:05:54,636 - DesireEngine - INFO - Reinforced desire desire_10 (strength: 1.000)
2025-06-29 15:05:54,636 - DesireEngine - INFO - Reinforced desire desire_11 (strength: 0.942)
2025-06-29 15:05:54,636 - DesireEngine - INFO - Reinforced desire desire_12 (strength: 1.000)
2025-06-29 15:05:54,636 - DesireEngine - INFO - Created emergent desire: Emergent: Desire for Openness To Experience + Desire for Conscientiousness (strength: 0.977)
2025-06-29 15:05:54,636 - DesireEngine - INFO - Created emergent desire: Emergent: Desire for Openness To Experience + Desire for Extraversion (strength: 1.000)
2025-06-29 15:05:54,636 - DesireEngine - INFO - Created emergent desire: Emergent: Desire for Openness To Experience + Desire for Creativity (strength: 1.000)
2025-06-29 15:05:54,636 - DesireEngine - INFO - Created emergent desire: Emergent: Desire for Openness To Experience + Desire for Curiosity (strength: 1.000)
2025-06-29 15:05:54,636 - DesireEngine - INFO - Created emergent desire: Emergent: Desire for Openness To Experience + Desire for Ambition (strength: 1.000)
2025-06-29 15:05:54,636 - DesireEngine - INFO - Processed 66 desire interactions
2025-06-29 15:05:54,637 - DesireEngine - INFO - Computed metrics: entropy=2.833, complexity=0.892
2025-06-29 15:05:56,638 - DesireEngine - INFO - Processing 13 trait activations
2025-06-29 15:05:56,639 - DesireEngine - INFO - Found 12 positive traits
2025-06-29 15:05:56,639 - DesireEngine - INFO - Reinforced desire desire_1 (strength: 1.000)
2025-06-29 15:05:56,639 - DesireEngine - INFO - Reinforced desire desire_2 (strength: 1.000)
2025-06-29 15:05:56,639 - DesireEngine - INFO - Reinforced desire desire_3 (strength: 1.000)
2025-06-29 15:05:56,639 - DesireEngine - INFO - Reinforced desire desire_4 (strength: 1.000)
2025-06-29 15:05:56,639 - DesireEngine - INFO - Reinforced desire desire_5 (strength: 1.000)
2025-06-29 15:05:56,639 - DesireEngine - INFO - Reinforced desire desire_6 (strength: 1.000)
2025-06-29 15:05:56,639 - DesireEngine - INFO - Reinforced desire desire_7 (strength: 1.000)
2025-06-29 15:05:56,639 - DesireEngine - INFO - Reinforced desire desire_8 (strength: 1.000)
2025-06-29 15:05:56,639 - DesireEngine - INFO - Reinforced desire desire_9 (strength: 1.000)
2025-06-29 15:05:56,639 - DesireEngine - INFO - Reinforced desire desire_10 (strength: 1.000)
2025-06-29 15:05:56,639 - DesireEngine - INFO - Reinforced desire desire_11 (strength: 1.000)
2025-06-29 15:05:56,639 - DesireEngine - INFO - Reinforced desire desire_12 (strength: 1.000)
2025-06-29 15:05:56,639 - DesireEngine - INFO - Processed 66 desire interactions
2025-06-29 15:05:56,640 - DesireEngine - INFO - Computed metrics: entropy=2.833, complexity=1.333
2025-06-29 15:05:58,640 - DesireEngine - INFO - Processing 13 trait activations
2025-06-29 15:05:58,641 - DesireEngine - INFO - Found 12 positive traits
2025-06-29 15:05:58,641 - DesireEngine - INFO - Reinforced desire desire_1 (strength: 1.000)
2025-06-29 15:05:58,641 - DesireEngine - INFO - Reinforced desire desire_2 (strength: 1.000)
2025-06-29 15:05:58,641 - DesireEngine - INFO - Reinforced desire desire_3 (strength: 1.000)
2025-06-29 15:05:58,641 - DesireEngine - INFO - Reinforced desire desire_4 (strength: 1.000)
2025-06-29 15:05:58,641 - DesireEngine - INFO - Reinforced desire desire_5 (strength: 1.000)
2025-06-29 15:05:58,641 - DesireEngine - INFO - Reinforced desire desire_6 (strength: 1.000)
2025-06-29 15:05:58,641 - DesireEngine - INFO - Reinforced desire desire_7 (strength: 1.000)
2025-06-29 15:05:58,641 - DesireEngine - INFO - Reinforced desire desire_8 (strength: 1.000)
2025-06-29 15:05:58,641 - DesireEngine - INFO - Reinforced desire desire_9 (strength: 1.000)
2025-06-29 15:05:58,641 - DesireEngine - INFO - Reinforced desire desire_10 (strength: 1.000)
2025-06-29 15:05:58,641 - DesireEngine - INFO - Reinforced desire desire_11 (strength: 1.000)
2025-06-29 15:05:58,641 - DesireEngine - INFO - Reinforced desire desire_12 (strength: 1.000)
2025-06-29 15:05:58,642 - DesireEngine - INFO - Processed 66 desire interactions
2025-06-29 15:05:58,642 - DesireEngine - INFO - Computed metrics: entropy=2.833, complexity=1.776
2025-06-29 15:06:00,643 - DesireEngine - INFO - Processing 13 trait activations
2025-06-29 15:06:00,643 - DesireEngine - INFO - Found 12 positive traits
2025-06-29 15:06:00,643 - DesireEngine - INFO - Reinforced desire desire_1 (strength: 1.000)
2025-06-29 15:06:00,643 - DesireEngine - INFO - Reinforced desire desire_2 (strength: 1.000)
2025-06-29 15:06:00,643 - DesireEngine - INFO - Reinforced desire desire_3 (strength: 1.000)
2025-06-29 15:06:00,643 - DesireEngine - INFO - Reinforced desire desire_4 (strength: 1.000)
2025-06-29 15:06:00,643 - DesireEngine - INFO - Reinforced desire desire_5 (strength: 1.000)
2025-06-29 15:06:00,643 - DesireEngine - INFO - Reinforced desire desire_6 (strength: 1.000)
2025-06-29 15:06:00,643 - DesireEngine - INFO - Reinforced desire desire_7 (strength: 1.000)
2025-06-29 15:06:00,643 - DesireEngine - INFO - Reinforced desire desire_8 (strength: 1.000)
2025-06-29 15:06:00,643 - DesireEngine - INFO - Reinforced desire desire_9 (strength: 1.000)
2025-06-29 15:06:00,643 - DesireEngine - INFO - Reinforced desire desire_10 (strength: 1.000)
2025-06-29 15:06:00,643 - DesireEngine - INFO - Reinforced desire desire_11 (strength: 1.000)
2025-06-29 15:06:00,643 - DesireEngine - INFO - Reinforced desire desire_12 (strength: 1.000)
2025-06-29 15:06:00,643 - DesireEngine - INFO - Processed 66 desire interactions
2025-06-29 15:06:00,644 - DesireEngine - INFO - Computed metrics: entropy=2.833, complexity=2.219
2025-06-29 15:06:02,644 - DesireEngine - INFO - Processing 13 trait activations
2025-06-29 15:06:02,645 - DesireEngine - INFO - Found 12 positive traits
2025-06-29 15:06:02,645 - DesireEngine - INFO - Reinforced desire desire_1 (strength: 1.000)
2025-06-29 15:06:02,645 - DesireEngine - INFO - Reinforced desire desire_2 (strength: 1.000)
2025-06-29 15:06:02,645 - DesireEngine - INFO - Reinforced desire desire_3 (strength: 1.000)
2025-06-29 15:06:02,645 - DesireEngine - INFO - Reinforced desire desire_4 (strength: 1.000)
2025-06-29 15:06:02,645 - DesireEngine - INFO - Reinforced desire desire_5 (strength: 1.000)
2025-06-29 15:06:02,645 - DesireEngine - INFO - Reinforced desire desire_6 (strength: 1.000)
2025-06-29 15:06:02,645 - DesireEngine - INFO - Reinforced desire desire_7 (strength: 1.000)
2025-06-29 15:06:02,645 - DesireEngine - INFO - Reinforced desire desire_8 (strength: 1.000)
2025-06-29 15:06:02,645 - DesireEngine - INFO - Reinforced desire desire_9 (strength: 1.000)
2025-06-29 15:06:02,645 - DesireEngine - INFO - Reinforced desire desire_10 (strength: 1.000)
2025-06-29 15:06:02,645 - DesireEngine - INFO - Reinforced desire desire_11 (strength: 1.000)
2025-06-29 15:06:02,645 - DesireEngine - INFO - Reinforced desire desire_12 (strength: 1.000)
2025-06-29 15:06:02,645 - DesireEngine - INFO - Processed 66 desire interactions
2025-06-29 15:06:02,646 - DesireEngine - INFO - Computed metrics: entropy=2.833, complexity=2.662
2025-06-29 15:08:41,591 - DesireEngine - INFO - Initializing Desire Engine with modular architecture
2025-06-29 15:08:41,593 - DesireEngine - INFO - All modules initialized successfully
2025-06-29 15:08:41,593 - DesireEngine - INFO - Using device: cpu
2025-06-29 15:08:41,593 - DesireEngine - INFO - Desire Engine initialization complete
2025-06-29 15:08:41,593 - DesireEngine - INFO - Processing 13 trait activations
2025-06-29 15:08:41,593 - DesireEngine - INFO - Found 12 positive traits
2025-06-29 15:08:41,593 - DesireEngine - INFO - Reinforced desire desire_1 (strength: 1.000)
2025-06-29 15:08:41,593 - DesireEngine - INFO - Reinforced desire desire_2 (strength: 0.894)
2025-06-29 15:08:41,593 - DesireEngine - INFO - Reinforced desire desire_3 (strength: 1.000)
2025-06-29 15:08:41,593 - DesireEngine - INFO - Reinforced desire desire_4 (strength: 0.730)
2025-06-29 15:08:41,593 - DesireEngine - INFO - Reinforced desire desire_5 (strength: 1.000)
2025-06-29 15:08:41,593 - DesireEngine - INFO - Reinforced desire desire_6 (strength: 1.000)
2025-06-29 15:08:41,593 - DesireEngine - INFO - Reinforced desire desire_7 (strength: 1.000)
2025-06-29 15:08:41,593 - DesireEngine - INFO - Reinforced desire desire_8 (strength: 0.991)
2025-06-29 15:08:41,593 - DesireEngine - INFO - Reinforced desire desire_9 (strength: 1.000)
2025-06-29 15:08:41,593 - DesireEngine - INFO - Reinforced desire desire_10 (strength: 1.000)
2025-06-29 15:08:41,593 - DesireEngine - INFO - Reinforced desire desire_11 (strength: 0.942)
2025-06-29 15:08:41,593 - DesireEngine - INFO - Reinforced desire desire_12 (strength: 1.000)
2025-06-29 15:08:41,593 - DesireEngine - INFO - Created emergent desire: Emergent: Desire for Openness To Experience + Desire for Conscientiousness (strength: 0.982)
2025-06-29 15:08:41,593 - DesireEngine - INFO - Created emergent desire: Emergent: Desire for Openness To Experience + Desire for Extraversion (strength: 1.000)
2025-06-29 15:08:41,593 - DesireEngine - INFO - Created emergent desire: Emergent: Desire for Openness To Experience + Desire for Agreeableness (strength: 0.886)
2025-06-29 15:08:41,593 - DesireEngine - INFO - Created emergent desire: Emergent: Desire for Openness To Experience + Desire for Creativity (strength: 1.000)
2025-06-29 15:08:41,593 - DesireEngine - INFO - Created emergent desire: Emergent: Desire for Openness To Experience + Desire for Curiosity (strength: 1.000)
2025-06-29 15:08:41,593 - DesireEngine - INFO - Processed 66 desire interactions
2025-06-29 15:08:41,594 - DesireEngine - INFO - Computed metrics: entropy=2.833, complexity=0.895
2025-06-29 15:08:43,595 - DesireEngine - INFO - Processing 13 trait activations
2025-06-29 15:08:43,595 - DesireEngine - INFO - Found 12 positive traits
2025-06-29 15:08:43,595 - DesireEngine - INFO - Reinforced desire desire_1 (strength: 1.000)
2025-06-29 15:08:43,595 - DesireEngine - INFO - Reinforced desire desire_2 (strength: 1.000)
2025-06-29 15:08:43,596 - DesireEngine - INFO - Reinforced desire desire_3 (strength: 1.000)
2025-06-29 15:08:43,596 - DesireEngine - INFO - Reinforced desire desire_4 (strength: 1.000)
2025-06-29 15:08:43,596 - DesireEngine - INFO - Reinforced desire desire_5 (strength: 1.000)
2025-06-29 15:08:43,596 - DesireEngine - INFO - Reinforced desire desire_6 (strength: 1.000)
2025-06-29 15:08:43,596 - DesireEngine - INFO - Reinforced desire desire_7 (strength: 1.000)
2025-06-29 15:08:43,596 - DesireEngine - INFO - Reinforced desire desire_8 (strength: 1.000)
2025-06-29 15:08:43,596 - DesireEngine - INFO - Reinforced desire desire_9 (strength: 1.000)
2025-06-29 15:08:43,596 - DesireEngine - INFO - Reinforced desire desire_10 (strength: 1.000)
2025-06-29 15:08:43,596 - DesireEngine - INFO - Reinforced desire desire_11 (strength: 1.000)
2025-06-29 15:08:43,596 - DesireEngine - INFO - Reinforced desire desire_12 (strength: 1.000)
2025-06-29 15:08:43,597 - DesireEngine - INFO - Processed 66 desire interactions
2025-06-29 15:08:43,597 - DesireEngine - INFO - Computed metrics: entropy=2.833, complexity=1.336
2025-06-29 15:08:45,598 - DesireEngine - INFO - Processing 13 trait activations
2025-06-29 15:08:45,598 - DesireEngine - INFO - Found 12 positive traits
2025-06-29 15:08:45,598 - DesireEngine - INFO - Reinforced desire desire_1 (strength: 1.000)
2025-06-29 15:08:45,598 - DesireEngine - INFO - Reinforced desire desire_2 (strength: 1.000)
2025-06-29 15:08:45,598 - DesireEngine - INFO - Reinforced desire desire_3 (strength: 1.000)
2025-06-29 15:08:45,598 - DesireEngine - INFO - Reinforced desire desire_4 (strength: 1.000)
2025-06-29 15:08:45,598 - DesireEngine - INFO - Reinforced desire desire_5 (strength: 1.000)
2025-06-29 15:08:45,598 - DesireEngine - INFO - Reinforced desire desire_6 (strength: 1.000)
2025-06-29 15:08:45,598 - DesireEngine - INFO - Reinforced desire desire_7 (strength: 1.000)
2025-06-29 15:08:45,598 - DesireEngine - INFO - Reinforced desire desire_8 (strength: 1.000)
2025-06-29 15:08:45,598 - DesireEngine - INFO - Reinforced desire desire_9 (strength: 1.000)
2025-06-29 15:08:45,598 - DesireEngine - INFO - Reinforced desire desire_10 (strength: 1.000)
2025-06-29 15:08:45,598 - DesireEngine - INFO - Reinforced desire desire_11 (strength: 1.000)
2025-06-29 15:08:45,598 - DesireEngine - INFO - Reinforced desire desire_12 (strength: 1.000)
2025-06-29 15:08:45,598 - DesireEngine - INFO - Processed 66 desire interactions
2025-06-29 15:08:45,599 - DesireEngine - INFO - Computed metrics: entropy=2.833, complexity=1.778
2025-06-29 15:08:47,599 - DesireEngine - INFO - Processing 13 trait activations
2025-06-29 15:08:47,599 - DesireEngine - INFO - Found 12 positive traits
2025-06-29 15:08:47,599 - DesireEngine - INFO - Reinforced desire desire_1 (strength: 1.000)
2025-06-29 15:08:47,599 - DesireEngine - INFO - Reinforced desire desire_2 (strength: 1.000)
2025-06-29 15:08:47,599 - DesireEngine - INFO - Reinforced desire desire_3 (strength: 1.000)
2025-06-29 15:08:47,599 - DesireEngine - INFO - Reinforced desire desire_4 (strength: 1.000)
2025-06-29 15:08:47,599 - DesireEngine - INFO - Reinforced desire desire_5 (strength: 1.000)
2025-06-29 15:08:47,599 - DesireEngine - INFO - Reinforced desire desire_6 (strength: 1.000)
2025-06-29 15:08:47,599 - DesireEngine - INFO - Reinforced desire desire_7 (strength: 1.000)
2025-06-29 15:08:47,599 - DesireEngine - INFO - Reinforced desire desire_8 (strength: 1.000)
2025-06-29 15:08:47,599 - DesireEngine - INFO - Reinforced desire desire_9 (strength: 1.000)
2025-06-29 15:08:47,599 - DesireEngine - INFO - Reinforced desire desire_10 (strength: 1.000)
2025-06-29 15:08:47,600 - DesireEngine - INFO - Reinforced desire desire_11 (strength: 1.000)
2025-06-29 15:08:47,600 - DesireEngine - INFO - Reinforced desire desire_12 (strength: 1.000)
2025-06-29 15:08:47,600 - DesireEngine - INFO - Processed 66 desire interactions
2025-06-29 15:08:47,601 - DesireEngine - INFO - Computed metrics: entropy=2.833, complexity=2.221
2025-06-29 15:08:49,601 - DesireEngine - INFO - Processing 13 trait activations
2025-06-29 15:08:49,602 - DesireEngine - INFO - Found 12 positive traits
2025-06-29 15:08:49,602 - DesireEngine - INFO - Reinforced desire desire_1 (strength: 1.000)
2025-06-29 15:08:49,602 - DesireEngine - INFO - Reinforced desire desire_2 (strength: 1.000)
2025-06-29 15:08:49,602 - DesireEngine - INFO - Reinforced desire desire_3 (strength: 1.000)
2025-06-29 15:08:49,602 - DesireEngine - INFO - Reinforced desire desire_4 (strength: 1.000)
2025-06-29 15:08:49,602 - DesireEngine - INFO - Reinforced desire desire_5 (strength: 1.000)
2025-06-29 15:08:49,602 - DesireEngine - INFO - Reinforced desire desire_6 (strength: 1.000)
2025-06-29 15:08:49,602 - DesireEngine - INFO - Reinforced desire desire_7 (strength: 1.000)
2025-06-29 15:08:49,602 - DesireEngine - INFO - Reinforced desire desire_8 (strength: 1.000)
2025-06-29 15:08:49,602 - DesireEngine - INFO - Reinforced desire desire_9 (strength: 1.000)
2025-06-29 15:08:49,602 - DesireEngine - INFO - Reinforced desire desire_10 (strength: 1.000)
2025-06-29 15:08:49,602 - DesireEngine - INFO - Reinforced desire desire_11 (strength: 1.000)
2025-06-29 15:08:49,603 - DesireEngine - INFO - Reinforced desire desire_12 (strength: 1.000)
2025-06-29 15:08:49,603 - DesireEngine - INFO - Processed 66 desire interactions
2025-06-29 15:08:49,603 - DesireEngine - INFO - Computed metrics: entropy=2.833, complexity=2.665
2025-06-29 15:09:21,640 - DesireEngine - INFO - Initializing Desire Engine with modular architecture
2025-06-29 15:09:21,642 - DesireEngine - INFO - All modules initialized successfully
2025-06-29 15:09:21,642 - DesireEngine - INFO - Using device: cpu
2025-06-29 15:09:21,642 - DesireEngine - INFO - Desire Engine initialization complete
2025-06-29 15:09:21,642 - DesireEngine - INFO - Processing 13 trait activations
2025-06-29 15:09:21,642 - DesireEngine - INFO - Found 12 positive traits
2025-06-29 15:09:21,642 - DesireEngine - INFO - Reinforced desire desire_1 (strength: 1.000)
2025-06-29 15:09:21,642 - DesireEngine - INFO - Reinforced desire desire_2 (strength: 0.894)
2025-06-29 15:09:21,642 - DesireEngine - INFO - Reinforced desire desire_3 (strength: 1.000)
2025-06-29 15:09:21,642 - DesireEngine - INFO - Reinforced desire desire_4 (strength: 0.730)
2025-06-29 15:09:21,642 - DesireEngine - INFO - Reinforced desire desire_5 (strength: 1.000)
2025-06-29 15:09:21,642 - DesireEngine - INFO - Reinforced desire desire_6 (strength: 1.000)
2025-06-29 15:09:21,642 - DesireEngine - INFO - Reinforced desire desire_7 (strength: 1.000)
2025-06-29 15:09:21,642 - DesireEngine - INFO - Reinforced desire desire_8 (strength: 0.991)
2025-06-29 15:09:21,642 - DesireEngine - INFO - Reinforced desire desire_9 (strength: 1.000)
2025-06-29 15:09:21,642 - DesireEngine - INFO - Reinforced desire desire_10 (strength: 1.000)
2025-06-29 15:09:21,642 - DesireEngine - INFO - Reinforced desire desire_11 (strength: 0.942)
2025-06-29 15:09:21,642 - DesireEngine - INFO - Reinforced desire desire_12 (strength: 1.000)
2025-06-29 15:09:21,643 - DesireEngine - INFO - Created emergent desire: Emergent: Desire for Openness To Experience + Desire for Conscientiousness (strength: 0.984)
2025-06-29 15:09:21,643 - DesireEngine - INFO - Created emergent desire: Emergent: Desire for Openness To Experience + Desire for Extraversion (strength: 1.000)
2025-06-29 15:09:21,643 - DesireEngine - INFO - Created emergent desire: Emergent: Desire for Openness To Experience + Desire for Agreeableness (strength: 0.886)
2025-06-29 15:09:21,643 - DesireEngine - INFO - Created emergent desire: Emergent: Desire for Openness To Experience + Desire for Creativity (strength: 1.000)
2025-06-29 15:09:21,643 - DesireEngine - INFO - Created emergent desire: Emergent: Desire for Openness To Experience + Desire for Curiosity (strength: 1.000)
2025-06-29 15:09:21,643 - DesireEngine - INFO - Processed 66 desire interactions
2025-06-29 15:09:21,643 - DesireEngine - INFO - Computed metrics: entropy=2.833, complexity=0.895
2025-06-29 15:09:23,644 - DesireEngine - INFO - Processing 13 trait activations
2025-06-29 15:09:23,644 - DesireEngine - INFO - Found 12 positive traits
2025-06-29 15:09:23,644 - DesireEngine - INFO - Reinforced desire desire_1 (strength: 1.000)
2025-06-29 15:09:23,644 - DesireEngine - INFO - Reinforced desire desire_2 (strength: 1.000)
2025-06-29 15:09:23,644 - DesireEngine - INFO - Reinforced desire desire_3 (strength: 1.000)
2025-06-29 15:09:23,644 - DesireEngine - INFO - Reinforced desire desire_4 (strength: 1.000)
2025-06-29 15:09:23,644 - DesireEngine - INFO - Reinforced desire desire_5 (strength: 1.000)
2025-06-29 15:09:23,645 - DesireEngine - INFO - Reinforced desire desire_6 (strength: 1.000)
2025-06-29 15:09:23,645 - DesireEngine - INFO - Reinforced desire desire_7 (strength: 1.000)
2025-06-29 15:09:23,645 - DesireEngine - INFO - Reinforced desire desire_8 (strength: 1.000)
2025-06-29 15:09:23,645 - DesireEngine - INFO - Reinforced desire desire_9 (strength: 1.000)
2025-06-29 15:09:23,645 - DesireEngine - INFO - Reinforced desire desire_10 (strength: 1.000)
2025-06-29 15:09:23,645 - DesireEngine - INFO - Reinforced desire desire_11 (strength: 1.000)
2025-06-29 15:09:23,645 - DesireEngine - INFO - Reinforced desire desire_12 (strength: 1.000)
2025-06-29 15:09:23,645 - DesireEngine - INFO - Processed 66 desire interactions
2025-06-29 15:09:23,646 - DesireEngine - INFO - Computed metrics: entropy=2.833, complexity=1.335
2025-06-29 15:09:25,646 - DesireEngine - INFO - Processing 13 trait activations
2025-06-29 15:09:25,646 - DesireEngine - INFO - Found 12 positive traits
2025-06-29 15:09:25,646 - DesireEngine - INFO - Reinforced desire desire_1 (strength: 1.000)
2025-06-29 15:09:25,646 - DesireEngine - INFO - Reinforced desire desire_2 (strength: 1.000)
2025-06-29 15:09:25,646 - DesireEngine - INFO - Reinforced desire desire_3 (strength: 1.000)
2025-06-29 15:09:25,647 - DesireEngine - INFO - Reinforced desire desire_4 (strength: 1.000)
2025-06-29 15:09:25,647 - DesireEngine - INFO - Reinforced desire desire_5 (strength: 1.000)
2025-06-29 15:09:25,647 - DesireEngine - INFO - Reinforced desire desire_6 (strength: 1.000)
2025-06-29 15:09:25,647 - DesireEngine - INFO - Reinforced desire desire_7 (strength: 1.000)
2025-06-29 15:09:25,647 - DesireEngine - INFO - Reinforced desire desire_8 (strength: 1.000)
2025-06-29 15:09:25,647 - DesireEngine - INFO - Reinforced desire desire_9 (strength: 1.000)
2025-06-29 15:09:25,647 - DesireEngine - INFO - Reinforced desire desire_10 (strength: 1.000)
2025-06-29 15:09:25,647 - DesireEngine - INFO - Reinforced desire desire_11 (strength: 1.000)
2025-06-29 15:09:25,647 - DesireEngine - INFO - Reinforced desire desire_12 (strength: 1.000)
2025-06-29 15:09:25,647 - DesireEngine - INFO - Processed 66 desire interactions
2025-06-29 15:09:25,648 - DesireEngine - INFO - Computed metrics: entropy=2.833, complexity=1.778
2025-06-29 15:09:27,649 - DesireEngine - INFO - Processing 13 trait activations
2025-06-29 15:09:27,649 - DesireEngine - INFO - Found 12 positive traits
2025-06-29 15:09:27,649 - DesireEngine - INFO - Reinforced desire desire_1 (strength: 1.000)
2025-06-29 15:09:27,649 - DesireEngine - INFO - Reinforced desire desire_2 (strength: 1.000)
2025-06-29 15:09:27,649 - DesireEngine - INFO - Reinforced desire desire_3 (strength: 1.000)
2025-06-29 15:09:27,649 - DesireEngine - INFO - Reinforced desire desire_4 (strength: 1.000)
2025-06-29 15:09:27,649 - DesireEngine - INFO - Reinforced desire desire_5 (strength: 1.000)
2025-06-29 15:09:27,649 - DesireEngine - INFO - Reinforced desire desire_6 (strength: 1.000)
2025-06-29 15:09:27,649 - DesireEngine - INFO - Reinforced desire desire_7 (strength: 1.000)
2025-06-29 15:09:27,649 - DesireEngine - INFO - Reinforced desire desire_8 (strength: 1.000)
2025-06-29 15:09:27,649 - DesireEngine - INFO - Reinforced desire desire_9 (strength: 1.000)
2025-06-29 15:09:27,649 - DesireEngine - INFO - Reinforced desire desire_10 (strength: 1.000)
2025-06-29 15:09:27,649 - DesireEngine - INFO - Reinforced desire desire_11 (strength: 1.000)
2025-06-29 15:09:27,649 - DesireEngine - INFO - Reinforced desire desire_12 (strength: 1.000)
2025-06-29 15:09:27,649 - DesireEngine - INFO - Processed 66 desire interactions
2025-06-29 15:09:27,650 - DesireEngine - INFO - Computed metrics: entropy=2.833, complexity=2.222
2025-06-29 15:09:29,650 - DesireEngine - INFO - Processing 13 trait activations
2025-06-29 15:09:29,650 - DesireEngine - INFO - Found 12 positive traits
2025-06-29 15:09:29,650 - DesireEngine - INFO - Reinforced desire desire_1 (strength: 1.000)
2025-06-29 15:09:29,650 - DesireEngine - INFO - Reinforced desire desire_2 (strength: 1.000)
2025-06-29 15:09:29,650 - DesireEngine - INFO - Reinforced desire desire_3 (strength: 1.000)
2025-06-29 15:09:29,650 - DesireEngine - INFO - Reinforced desire desire_4 (strength: 1.000)
2025-06-29 15:09:29,650 - DesireEngine - INFO - Reinforced desire desire_5 (strength: 1.000)
2025-06-29 15:09:29,650 - DesireEngine - INFO - Reinforced desire desire_6 (strength: 1.000)
2025-06-29 15:09:29,650 - DesireEngine - INFO - Reinforced desire desire_7 (strength: 1.000)
2025-06-29 15:09:29,650 - DesireEngine - INFO - Reinforced desire desire_8 (strength: 1.000)
2025-06-29 15:09:29,650 - DesireEngine - INFO - Reinforced desire desire_9 (strength: 1.000)
2025-06-29 15:09:29,650 - DesireEngine - INFO - Reinforced desire desire_10 (strength: 1.000)
2025-06-29 15:09:29,650 - DesireEngine - INFO - Reinforced desire desire_11 (strength: 1.000)
2025-06-29 15:09:29,650 - DesireEngine - INFO - Reinforced desire desire_12 (strength: 1.000)
2025-06-29 15:09:29,651 - DesireEngine - INFO - Processed 66 desire interactions
2025-06-29 15:09:29,651 - DesireEngine - INFO - Computed metrics: entropy=2.833, complexity=2.665
2025-06-29 15:09:29,657 - DesireEngine - INFO - Saved desire engine state to modular_desire_state.json
2025-06-29 15:09:29,658 - DesireEngine - INFO - Initializing Desire Engine with modular architecture
2025-06-29 15:09:29,658 - DesireEngine - INFO - All modules initialized successfully
2025-06-29 15:09:29,658 - DesireEngine - INFO - Using device: cpu
2025-06-29 15:09:29,659 - DesireEngine - INFO - Desire Engine initialization complete
2025-06-29 15:09:29,659 - DesireEngine - INFO - Loaded desire engine state from modular_desire_state.json
